<?xml version="1.0" encoding="UTF-8"?>
<!-- Generated by org.testng.reporters.JUnitXMLReporter -->
<testsuite ignored="7" hostname="Lenovo" failures="0" tests="1" name="Default test" time="33.466" errors="0" timestamp="2023-02-12T21:21:13 IST">
  <testcase classname="com.lti.testcases.DashboardPageTest" name="validateTimeAtWorkSectionTest" time="7.342"/>
  <testcase classname="com.lti.testcases.DashboardPageTest" name="validateDashboadLabelTest" time="0.0">
    <ignored/>
  </testcase> <!-- validateDashboadLabelTest -->
  <testcase classname="com.lti.testcases.DashboardPageTest" name="quickLaunchSectionTest" time="0.0">
    <ignored/>
  </testcase> <!-- quickLaunchSectionTest -->
  <testcase classname="com.lti.testcases.DashboardPageTest" name="empLeaveSectionTest" time="0.0">
    <ignored/>
  </testcase> <!-- empLeaveSectionTest -->
  <testcase classname="com.lti.testcases.DashboardPageTest" name="empDistributionSubUnitSectionTest" time="0.0">
    <ignored/>
  </testcase> <!-- empDistributionSubUnitSectionTest -->
  <testcase classname="com.lti.testcases.DashboardPageTest" name="empDistributionLocationSectionTest" time="0.0">
    <ignored/>
  </testcase> <!-- empDistributionLocationSectionTest -->
  <testcase classname="com.lti.testcases.DashboardPageTest" name="myActionsSectionTest" time="0.0">
    <ignored/>
  </testcase> <!-- myActionsSectionTest -->
  <testcase classname="com.lti.testcases.DashboardPageTest" name="buzzPostSectionTest" time="0.0">
    <ignored/>
  </testcase> <!-- buzzPostSectionTest -->
</testsuite> <!-- Default test -->
