<?xml version="1.0" encoding="UTF-8"?>
<!-- Generated by org.testng.reporters.JUnitXMLReporter -->
<testsuite ignored="0" hostname="Lenovo" failures="0" tests="10" name="Test" time="264.665" errors="0" timestamp="2023-02-12T21:12:15 IST">
  <testcase classname="com.lti.testcases.DashboardPageTest" name="buzzPostSectionTest" time="0.016"/>
  <testcase classname="com.lti.testcases.DashboardPageTest" name="empDistributionLocationSectionTest" time="0.006"/>
  <testcase classname="com.lti.testcases.DashboardPageTest" name="empDistributionSubUnitSectionTest" time="0.005"/>
  <testcase classname="com.lti.testcases.DashboardPageTest" name="empLeaveSectionTest" time="0.005"/>
  <testcase classname="com.lti.testcases.DashboardPageTest" name="myActionsSectionTest" time="0.005"/>
  <testcase classname="com.lti.testcases.DashboardPageTest" name="quickLaunchSectionTest" time="0.005"/>
  <testcase classname="com.lti.testcases.DashboardPageTest" name="validateDashboadLabelTest" time="9.311"/>
  <testcase classname="com.lti.testcases.DashboardPageTest" name="validateTimeAtWorkSectionTest" time="6.306"/>
  <testcase classname="com.lti.testcases.LoginPageTest" name="validateLoginTest" time="9.749"/>
  <testcase classname="com.lti.testcases.LoginPageTest" name="validateTitleTest" time="0.027"/>
</testsuite> <!-- Test -->
