<?xml version="1.0" encoding="UTF-8"?>
<testng-results ignored="7" total="8" passed="1" failed="0" skipped="0">
  <reporter-output>
  </reporter-output>
  <suite started-at="2023-02-12T21:20:40 IST" name="Default suite" finished-at="2023-02-12T21:21:13 IST" duration-ms="33466">
    <groups>
    </groups>
    <test started-at="2023-02-12T21:20:40 IST" name="Default test" finished-at="2023-02-12T21:21:13 IST" duration-ms="33466">
      <class name="com.lti.testcases.DashboardPageTest">
        <test-method is-config="true" signature="browserSetup()[pri:0, instance:com.lti.testcases.DashboardPageTest@1a942c18]" started-at="2023-02-12T21:20:40 IST" name="browserSetup" finished-at="2023-02-12T21:21:03 IST" duration-ms="23574" status="PASS">
          <reporter-output>
          </reporter-output>
        </test-method> <!-- browserSetup -->
        <test-method signature="validateTimeAtWorkSectionTest()[pri:0, instance:com.lti.testcases.DashboardPageTest@1a942c18]" started-at="2023-02-12T21:21:03 IST" name="validateTimeAtWorkSectionTest" finished-at="2023-02-12T21:21:11 IST" duration-ms="7342" status="PASS">
          <reporter-output>
          </reporter-output>
        </test-method> <!-- validateTimeAtWorkSectionTest -->
        <test-method is-config="true" signature="closeSetup()[pri:0, instance:com.lti.testcases.DashboardPageTest@1a942c18]" started-at="2023-02-12T21:21:11 IST" name="closeSetup" finished-at="2023-02-12T21:21:13 IST" duration-ms="1992" status="PASS">
          <reporter-output>
          </reporter-output>
        </test-method> <!-- closeSetup -->
      </class> <!-- com.lti.testcases.DashboardPageTest -->
    </test> <!-- Default test -->
  </suite> <!-- Default suite -->
</testng-results>
